[INFO] Scanning for projects...
[INFO] 
[INFO] ------< io.github.cnadjim:dynamic-search-spring-boot-jpa-example >------
[INFO] Building dynamic-search-spring-boot-example 0.0.1-SNAPSHOT
[INFO]   from pom.xml
[INFO] --------------------------------[ jar ]---------------------------------
[INFO] 
[INFO] >>> spring-boot:3.5.0:run (default-cli) > test-compile @ dynamic-search-spring-boot-jpa-example >>>
[INFO] 
[INFO] --- frontend:1.15.1:install-node-and-npm (install node and npm) @ dynamic-search-spring-boot-jpa-example ---
[INFO] Node v22.12.0 is already installed.
[INFO] NPM 10.2.4 is already installed.
[INFO] 
[INFO] --- frontend:1.15.1:npm (npm install) @ dynamic-search-spring-boot-jpa-example ---
[INFO] Running 'npm install' in C:\Users\nadjim\Documents\Homeware\quiz-me-up\reference\dynamic-search\dynamic-search-spring-boot-jpa-example\src\main\resources\webapp
[INFO] 
[INFO] up to date, audited 270 packages in 1s
[INFO] 
[INFO] 65 packages are looking for funding
[INFO]   run `npm fund` for details
[INFO] 
[INFO] found 0 vulnerabilities
[INFO] 
[INFO] --- frontend:1.15.1:npm (npm run build) @ dynamic-search-spring-boot-jpa-example ---
[INFO] Running 'npm run build' in C:\Users\nadjim\Documents\Homeware\quiz-me-up\reference\dynamic-search\dynamic-search-spring-boot-jpa-example\src\main\resources\webapp
[INFO] 
[INFO] > webapp@0.0.0 build
[INFO] > tsc -b && vite build
[INFO] 
[INFO] vite v7.2.6 building client environment for production...
[INFO] transforming...
[INFO] ? 1717 modules transformed.
[INFO] rendering chunks...
[INFO] computing gzip size...
[INFO] ../static/index.html                     0.45 kB ? gzip:   0.29 kB
[INFO] ../static/assets/index-Br_BoPcZ.css    229.64 kB ? gzip:  40.10 kB
[INFO] ../static/assets/index-Br_BoPcZ.css    229.64 kB ? gzip:  40.10 kB
[INFO] (!) Some chunks are larger than 500 kB after minification. Consider:
[INFO] - Using dynamic import() to code-split the application
[INFO] ../static/assets/index-D1SfPA3s.js   1,282.10 kB ? gzip: 369.25 kB
[INFO] - Use build.rollupOptions.output.manualChunks to improve chunking: https://rollupjs.org/configuration-options/#output-manualchunks
[INFO] - Adjust chunk size limit for this warning via build.chunkSizeWarningLimit.
[INFO] ? built in 5.85s
[INFO] 
[INFO] --- resources:3.3.1:resources (default-resources) @ dynamic-search-spring-boot-jpa-example ---
[INFO] Copying 1 resource from src\main\resources to target\classes
[INFO] Copying 11957 resources from src\main\resources to target\classes
[INFO] 
[INFO] --- compiler:3.11.0:compile (default-compile) @ dynamic-search-spring-boot-jpa-example ---
[INFO] Nothing to compile - all classes are up to date
[INFO] 
[INFO] --- resources:3.3.1:testResources (default-testResources) @ dynamic-search-spring-boot-jpa-example ---
[INFO] skip non existing resourceDirectory C:\Users\nadjim\Documents\Homeware\quiz-me-up\reference\dynamic-search\dynamic-search-spring-boot-jpa-example\src\test\resources
[INFO] 
[INFO] --- compiler:3.11.0:testCompile (default-testCompile) @ dynamic-search-spring-boot-jpa-example ---
[INFO] Nothing to compile - all classes are up to date
[INFO] 
[INFO] <<< spring-boot:3.5.0:run (default-cli) < test-compile @ dynamic-search-spring-boot-jpa-example <<<
[INFO] 
[INFO] 
[INFO] --- spring-boot:3.5.0:run (default-cli) @ dynamic-search-spring-boot-jpa-example ---
[INFO] Attaching agents: []

  .   ____          _            __ _ _
 /\\ / ___'_ __ _ _(_)_ __  __ _ \ \ \ \
( ( )\___ | '_ | '_| | '_ \/ _` | \ \ \ \
 \\/  ___)| |_)| | | | | || (_| |  ) ) ) )
  '  |____| .__|_| |_|_| |_\__, | / / / /
 =========|_|==============|___/=/_/_/_/

 :: Spring Boot ::                (v3.5.0)

2025-12-05T12:48:10.905+01:00  INFO 12696 --- [dynamic-search-example] [           main] i.g.c.d.s.example.ExampleApplication     : Starting ExampleApplication using Java 21.0.7 with PID 12696 (C:\Users\nadjim\Documents\Homeware\quiz-me-up\reference\dynamic-search\dynamic-search-spring-boot-jpa-example\target\classes started by nadjim in C:\Users\nadjim\Documents\Homeware\quiz-me-up\reference\dynamic-search\dynamic-search-spring-boot-jpa-example)
2025-12-05T12:48:10.907+01:00  INFO 12696 --- [dynamic-search-example] [           main] i.g.c.d.s.example.ExampleApplication     : No active profile set, falling back to 1 default profile: "default"
2025-12-05T12:48:11.405+01:00  INFO 12696 --- [dynamic-search-example] [           main] .s.d.r.c.RepositoryConfigurationDelegate : Multiple Spring Data modules found, entering strict repository configuration mode
2025-12-05T12:48:11.406+01:00  INFO 12696 --- [dynamic-search-example] [           main] .s.d.r.c.RepositoryConfigurationDelegate : Bootstrapping Spring Data JPA repositories in DEFAULT mode.
2025-12-05T12:48:11.419+01:00  INFO 12696 --- [dynamic-search-example] [           main] .s.d.r.c.RepositoryConfigurationDelegate : Finished Spring Data repository scanning in 6 ms. Found 0 JPA repository interfaces.
2025-12-05T12:48:11.422+01:00  INFO 12696 --- [dynamic-search-example] [           main] .s.d.r.c.RepositoryConfigurationDelegate : Multiple Spring Data modules found, entering strict repository configuration mode
2025-12-05T12:48:11.422+01:00  INFO 12696 --- [dynamic-search-example] [           main] .s.d.r.c.RepositoryConfigurationDelegate : Bootstrapping Spring Data MongoDB repositories in DEFAULT mode.
2025-12-05T12:48:11.427+01:00  INFO 12696 --- [dynamic-search-example] [           main] .s.d.r.c.RepositoryConfigurationDelegate : Finished Spring Data repository scanning in 3 ms. Found 0 MongoDB repository interfaces.
2025-12-05T12:48:11.428+01:00  INFO 12696 --- [dynamic-search-example] [           main] .s.d.r.c.RepositoryConfigurationDelegate : Multiple Spring Data modules found, entering strict repository configuration mode
2025-12-05T12:48:11.428+01:00  INFO 12696 --- [dynamic-search-example] [           main] .s.d.r.c.RepositoryConfigurationDelegate : Bootstrapping Spring Data Elasticsearch repositories in DEFAULT mode.
2025-12-05T12:48:11.433+01:00  INFO 12696 --- [dynamic-search-example] [           main] .s.d.r.c.RepositoryConfigurationDelegate : Finished Spring Data repository scanning in 5 ms. Found 0 Elasticsearch repository interfaces.
2025-12-05T12:48:11.528+01:00  INFO 12696 --- [dynamic-search-example] [           main] e.c.SearchableElasticsearchBeanRegistrar : ðŸ” SearchableElasticsearchBeanRegistrar - Registering document registration processor...
2025-12-05T12:48:11.559+01:00  INFO 12696 --- [dynamic-search-example] [           main] g.c.d.s.s.j.c.SearchableJpaBeanRegistrar : ðŸ” SearchableJpaBeanRegistrar - Registering entity registration processor...
2025-12-05T12:48:11.559+01:00  INFO 12696 --- [dynamic-search-example] [           main] c.d.s.s.m.c.SearchableMongoBeanRegistrar : ðŸ” SearchableMongoBeanRegistrar - Registering document registration processor...
2025-12-05T12:48:11.672+01:00  INFO 12696 --- [dynamic-search-example] [           main] .s.d.r.c.RepositoryConfigurationDelegate : Multiple Spring Data modules found, entering strict repository configuration mode
2025-12-05T12:48:11.673+01:00  INFO 12696 --- [dynamic-search-example] [           main] .s.d.r.c.RepositoryConfigurationDelegate : Bootstrapping Spring Data Elasticsearch repositories in DEFAULT mode.
2025-12-05T12:48:11.683+01:00  INFO 12696 --- [dynamic-search-example] [           main] .s.d.r.c.RepositoryConfigurationDelegate : Finished Spring Data repository scanning in 9 ms. Found 0 Elasticsearch repository interfaces.
2025-12-05T12:48:12.187+01:00  INFO 12696 --- [dynamic-search-example] [           main] o.s.b.w.embedded.tomcat.TomcatWebServer  : Tomcat initialized with port 8080 (http)
2025-12-05T12:48:12.200+01:00  INFO 12696 --- [dynamic-search-example] [           main] o.apache.catalina.core.StandardService   : Starting service [Tomcat]
2025-12-05T12:48:12.201+01:00  INFO 12696 --- [dynamic-search-example] [           main] o.apache.catalina.core.StandardEngine    : Starting Servlet engine: [Apache Tomcat/10.1.41]
2025-12-05T12:48:12.260+01:00  INFO 12696 --- [dynamic-search-example] [           main] o.a.c.c.C.[Tomcat].[localhost].[/]       : Initializing Spring embedded WebApplicationContext
2025-12-05T12:48:12.261+01:00  INFO 12696 --- [dynamic-search-example] [           main] w.s.c.ServletWebServerApplicationContext : Root WebApplicationContext: initialization completed in 1300 ms
2025-12-05T12:48:12.391+01:00  INFO 12696 --- [dynamic-search-example] [           main] o.hibernate.jpa.internal.util.LogHelper  : HHH000204: Processing PersistenceUnitInfo [name: default]
2025-12-05T12:48:12.436+01:00  INFO 12696 --- [dynamic-search-example] [           main] org.hibernate.Version                    : HHH000412: Hibernate ORM core version 6.6.15.Final
2025-12-05T12:48:12.464+01:00  INFO 12696 --- [dynamic-search-example] [           main] o.h.c.internal.RegionFactoryInitiator    : HHH000026: Second-level cache disabled
2025-12-05T12:48:12.716+01:00  INFO 12696 --- [dynamic-search-example] [           main] o.s.o.j.p.SpringPersistenceUnitInfo      : No LoadTimeWeaver setup: ignoring JPA class transformer
2025-12-05T12:48:12.743+01:00  INFO 12696 --- [dynamic-search-example] [           main] com.zaxxer.hikari.HikariDataSource       : HikariPool-1 - Starting...
2025-12-05T12:48:12.878+01:00  INFO 12696 --- [dynamic-search-example] [           main] com.zaxxer.hikari.pool.HikariPool        : HikariPool-1 - Added connection org.postgresql.jdbc.PgConnection@6fd7aba8
2025-12-05T12:48:12.879+01:00  INFO 12696 --- [dynamic-search-example] [           main] com.zaxxer.hikari.HikariDataSource       : HikariPool-1 - Start completed.
2025-12-05T12:48:12.904+01:00  WARN 12696 --- [dynamic-search-example] [           main] org.hibernate.orm.deprecation            : HHH90000025: PostgreSQLDialect does not need to be specified explicitly using 'hibernate.dialect' (remove the property setting and it will be selected by default)
2025-12-05T12:48:12.923+01:00  INFO 12696 --- [dynamic-search-example] [           main] org.hibernate.orm.connections.pooling    : HHH10001005: Database info:
	Database JDBC URL [Connecting through datasource 'HikariDataSource (HikariPool-1)']
	Database driver: undefined/unknown
	Database version: 16.11
	Autocommit mode: undefined/unknown
	Isolation level: undefined/unknown
	Minimum pool size: undefined/unknown
	Maximum pool size: undefined/unknown
2025-12-05T12:48:13.675+01:00  INFO 12696 --- [dynamic-search-example] [           main] o.h.e.t.j.p.i.JtaPlatformInitiator       : HHH000489: No JTA platform available (set 'hibernate.transaction.jta.platform' to enable JTA platform integration)
Hibernate: 
    set client_min_messages = WARNING
Hibernate: 
    drop table if exists operating_system cascade
Hibernate: 
    create table operating_system (
        usages integer not null,
        id bigint generated by default as identity,
        release_date timestamp(6) not null,
        kernel varchar(255) not null,
        name varchar(255) not null,
        version varchar(255) not null,
        primary key (id)
    )
2025-12-05T12:48:13.727+01:00  INFO 12696 --- [dynamic-search-example] [           main] j.LocalContainerEntityManagerFactoryBean : Initialized JPA EntityManagerFactory for persistence unit 'default'
2025-12-05T12:48:13.865+01:00  INFO 12696 --- [dynamic-search-example] [           main] org.mongodb.driver.client                : MongoClient with metadata {"driver": {"name": "mongo-java-driver|sync|spring-boot", "version": "5.4.0"}, "os": {"type": "Windows", "name": "Windows 10", "architecture": "amd64", "version": "10.0"}, "platform": "Java/Eclipse Adoptium/21.0.7+6-LTS"} created with settings MongoClientSettings{readPreference=primary, writeConcern=WriteConcern{w=null, wTimeout=null ms, journal=null}, retryWrites=true, retryReads=true, readConcern=ReadConcern{level=null}, credential=MongoCredential{mechanism=null, userName='admin', source='admin', password=<hidden>, mechanismProperties=<hidden>}, transportSettings=null, commandListeners=[], codecRegistry=ProvidersCodecRegistry{codecProviders=[ValueCodecProvider{}, BsonValueCodecProvider{}, DBRefCodecProvider{}, DBObjectCodecProvider{}, DocumentCodecProvider{}, CollectionCodecProvider{}, IterableCodecProvider{}, MapCodecProvider{}, GeoJsonCodecProvider{}, GridFSFileCodecProvider{}, Jsr310CodecProvider{}, JsonObjectCodecProvider{}, BsonCodecProvider{}, EnumCodecProvider{}, com.mongodb.client.model.mql.ExpressionCodecProvider@811d8d6, com.mongodb.Jep395RecordCodecProvider@7f57a7a4, com.mongodb.KotlinCodecProvider@6dcc7696]}, loggerSettings=LoggerSettings{maxDocumentLength=1000}, clusterSettings={hosts=[localhost:27017], srvServiceName=mongodb, mode=SINGLE, requiredClusterType=UNKNOWN, requiredReplicaSetName='null', serverSelector='null', clusterListeners='[]', serverSelectionTimeout='30000 ms', localThreshold='15 ms'}, socketSettings=SocketSettings{connectTimeoutMS=10000, readTimeoutMS=0, receiveBufferSize=0, proxySettings=ProxySettings{host=null, port=null, username=null, password=null}}, heartbeatSocketSettings=SocketSettings{connectTimeoutMS=10000, readTimeoutMS=10000, receiveBufferSize=0, proxySettings=ProxySettings{host=null, port=null, username=null, password=null}}, connectionPoolSettings=ConnectionPoolSettings{maxSize=100, minSize=0, maxWaitTimeMS=120000, maxConnectionLifeTimeMS=0, maxConnectionIdleTimeMS=0, maintenanceInitialDelayMS=0, maintenanceFrequencyMS=60000, connectionPoolListeners=[], maxConnecting=2}, serverSettings=ServerSettings{heartbeatFrequencyMS=10000, minHeartbeatFrequencyMS=500, serverMonitoringMode=AUTO, serverListeners='[]', serverMonitorListeners='[]'}, sslSettings=SslSettings{enabled=false, invalidHostNameAllowed=false, context=null}, applicationName='null', compressorList=[], uuidRepresentation=JAVA_LEGACY, serverApi=null, autoEncryptionSettings=null, dnsClient=null, inetAddressResolver=null, contextProvider=null, timeoutMS=null}
2025-12-05T12:48:13.874+01:00  INFO 12696 --- [dynamic-search-example] [localhost:27017] org.mongodb.driver.cluster               : Monitor thread successfully connected to server with description ServerDescription{address=localhost:27017, type=STANDALONE, cryptd=false, state=CONNECTED, ok=true, minWireVersion=0, maxWireVersion=21, maxDocumentSize=16777216, logicalSessionTimeoutMinutes=30, roundTripTimeNanos=20221199, minRoundTripTimeNanos=0}
2025-12-05T12:48:13.939+01:00  WARN 12696 --- [dynamic-search-example] [           main] o.s.data.convert.CustomConversions       : Registering converter from interface java.util.List to interface org.springframework.data.domain.Vector as reading converter although it doesn't convert from a store-supported type; You might want to check your annotation setup at the converter implementation
2025-12-05T12:48:14.037+01:00  WARN 12696 --- [dynamic-search-example] [           main] o.s.data.convert.CustomConversions       : Registering converter from interface java.util.List to interface org.springframework.data.domain.Vector as reading converter although it doesn't convert from a store-supported type; You might want to check your annotation setup at the converter implementation
2025-12-05T12:48:14.456+01:00  INFO 12696 --- [dynamic-search-example] [           main] d.s.s.s.a.SearchGatewayAutoConfiguration : âœ… SearchGatewayAutoConfiguration activated - SearchGateway will be available
2025-12-05T12:48:14.502+01:00  WARN 12696 --- [dynamic-search-example] [           main] JpaBaseConfiguration$JpaWebConfiguration : spring.jpa.open-in-view is enabled by default. Therefore, database queries may be performed during view rendering. Explicitly configure spring.jpa.open-in-view to disable this warning
2025-12-05T12:48:14.577+01:00  INFO 12696 --- [dynamic-search-example] [           main] o.s.b.a.w.s.WelcomePageHandlerMapping    : Adding welcome page: class path resource [static/index.html]
2025-12-05T12:48:14.776+01:00  INFO 12696 --- [dynamic-search-example] [           main] amicSearchElasticsearchAutoConfiguration : âœ… DynamicSearchElasticsearchAutoConfiguration activated - Ready to scan @EnableSearchable documents
2025-12-05T12:48:14.785+01:00  INFO 12696 --- [dynamic-search-example] [           main] .s.j.a.DynamicSearchJpaAutoConfiguration : âœ… DynamicSearchJpaAutoConfiguration activated - Ready to scan @EnableSearchable entities
2025-12-05T12:48:14.789+01:00  INFO 12696 --- [dynamic-search-example] [           main] .m.a.DynamicSearchMongoAutoConfiguration : âœ… DynamicSearchMongoAutoConfiguration activated - Ready to scan @EnableSearchable documents
2025-12-05T12:48:14.920+01:00  WARN 12696 --- [dynamic-search-example] [           main] ConfigServletWebServerApplicationContext : Exception encountered during context initialization - cancelling refresh attempt: org.springframework.context.ApplicationContextException: Failed to start bean 'webServerStartStop'
2025-12-05T12:48:14.926+01:00  INFO 12696 --- [dynamic-search-example] [           main] j.LocalContainerEntityManagerFactoryBean : Closing JPA EntityManagerFactory for persistence unit 'default'
Hibernate: 
    set client_min_messages = WARNING
Hibernate: 
    drop table if exists operating_system cascade
2025-12-05T12:48:14.937+01:00  INFO 12696 --- [dynamic-search-example] [           main] com.zaxxer.hikari.HikariDataSource       : HikariPool-1 - Shutdown initiated...
2025-12-05T12:48:14.939+01:00  INFO 12696 --- [dynamic-search-example] [           main] com.zaxxer.hikari.HikariDataSource       : HikariPool-1 - Shutdown completed.
2025-12-05T12:48:14.954+01:00  INFO 12696 --- [dynamic-search-example] [           main] .s.b.a.l.ConditionEvaluationReportLogger : 

Error starting ApplicationContext. To display the condition evaluation report re-run your application with 'debug' enabled.
2025-12-05T12:48:14.970+01:00 ERROR 12696 --- [dynamic-search-example] [           main] o.s.b.d.LoggingFailureAnalysisReporter   : 

***************************
APPLICATION FAILED TO START
***************************

Description:

Web server failed to start. Port 8080 was already in use.

Action:

Identify and stop the process that's listening on port 8080 or configure this application to listen on another port.

[INFO] ------------------------------------------------------------------------
[INFO] BUILD FAILURE
[INFO] ------------------------------------------------------------------------
[INFO] Total time:  25.209 s
[INFO] Finished at: 2025-12-05T12:48:15+01:00
[INFO] ------------------------------------------------------------------------
[ERROR] Failed to execute goal org.springframework.boot:spring-boot-maven-plugin:3.5.0:run (default-cli) on project dynamic-search-spring-boot-jpa-example: Process terminated with exit code: 1 -> [Help 1]
[ERROR] 
[ERROR] To see the full stack trace of the errors, re-run Maven with the -e switch.
[ERROR] Re-run Maven using the -X switch to enable full debug logging.
[ERROR] 
[ERROR] For more information about the errors and possible solutions, please read the following articles:
[ERROR] [Help 1] http://cwiki.apache.org/confluence/display/MAVEN/MojoExecutionException
